2020-11-29 15:56:22 INFO  log:16 - Entered username
2020-11-29 15:56:23 INFO  log:18 - Entered password
2020-11-29 15:56:27 INFO  log:28 - Test passed
2020-11-29 16:21:02 INFO  log:16 - Entered username
2020-11-29 16:21:03 INFO  log:18 - Entered password
2020-11-29 16:21:07 INFO  log:28 - Test passed
2020-11-29 16:23:37 INFO  log:16 - Entered username
2020-11-29 16:23:38 INFO  log:18 - Entered password
2020-11-29 16:23:42 INFO  log:28 - Test passed
2020-11-29 16:53:19 INFO  log:16 - Entered username
2020-11-29 16:53:19 INFO  log:18 - Entered password
2020-11-29 16:53:23 INFO  log:28 - Test passed
2020-11-29 17:03:18 INFO  log:16 - Entered username
2020-11-29 17:03:18 INFO  log:18 - Entered password
2020-11-29 17:03:23 INFO  log:28 - Test passed
2020-11-29 17:33:36 INFO  log:13 - Entered username
2020-11-29 17:33:36 INFO  log:15 - Entered password
2020-11-29 17:33:41 INFO  log:23 - Test failed
2020-11-29 17:33:41 INFO  log:13 - Entered username
2020-11-29 17:33:41 INFO  log:15 - Entered password
2020-11-29 17:33:46 INFO  log:23 - Test failed
2020-11-29 17:33:46 INFO  log:13 - Entered username
2020-11-29 17:33:46 INFO  log:15 - Entered password
2020-11-29 17:33:52 INFO  log:31 - Test passed
2020-11-29 17:33:53 INFO  log:13 - Entered username
2020-11-29 17:33:53 INFO  log:15 - Entered password
2020-11-29 17:33:57 INFO  log:23 - Test failed
2020-11-29 17:33:58 INFO  log:13 - Entered username
2020-11-29 17:33:58 INFO  log:15 - Entered password
2020-11-29 17:34:04 INFO  log:31 - Test passed
2020-11-29 18:45:55 INFO  log:13 - Entered username
2020-11-29 18:45:55 INFO  log:15 - Entered password
2020-11-29 18:46:00 INFO  log:23 - Test failed
2020-11-29 18:46:00 INFO  log:13 - Entered username
2020-11-29 18:46:00 INFO  log:15 - Entered password
2020-11-29 18:46:05 INFO  log:23 - Test failed
2020-11-29 18:46:05 INFO  log:13 - Entered username
2020-11-29 18:46:05 INFO  log:15 - Entered password
2020-11-29 18:46:11 INFO  log:31 - Test passed
2020-11-29 18:46:11 INFO  log:13 - Entered username
2020-11-29 18:46:11 INFO  log:15 - Entered password
2020-11-29 18:46:16 INFO  log:23 - Test failed
2020-11-29 18:46:17 INFO  log:13 - Entered username
2020-11-29 18:46:17 INFO  log:15 - Entered password
2020-11-29 18:46:23 INFO  log:31 - Test passed
2020-11-29 19:10:06 INFO  log:13 - Entered username
2020-11-29 19:10:06 INFO  log:15 - Entered password
2020-11-29 19:10:10 INFO  log:23 - Test failed
2020-11-29 19:10:10 INFO  log:13 - Entered username
2020-11-29 19:10:10 INFO  log:15 - Entered password
2020-11-29 19:10:15 INFO  log:23 - Test failed
2020-11-29 19:10:15 INFO  log:13 - Entered username
2020-11-29 19:10:15 INFO  log:15 - Entered password
2020-11-29 19:10:20 INFO  log:31 - Test passed
2020-11-29 19:10:20 INFO  log:13 - Entered username
2020-11-29 19:10:20 INFO  log:15 - Entered password
2020-11-29 19:10:25 INFO  log:23 - Test failed
2020-11-29 19:10:25 INFO  log:13 - Entered username
2020-11-29 19:10:26 INFO  log:15 - Entered password
2020-11-29 19:10:31 INFO  log:31 - Test passed
2020-11-29 19:15:55 INFO  log:13 - Entered username
2020-11-29 19:15:55 INFO  log:15 - Entered password
2020-11-29 19:15:59 INFO  log:23 - Test failed
2020-11-29 19:16:00 INFO  log:13 - Entered username
2020-11-29 19:16:00 INFO  log:15 - Entered password
2020-11-29 19:16:05 INFO  log:23 - Test failed
2020-11-29 19:16:05 INFO  log:13 - Entered username
2020-11-29 19:16:05 INFO  log:15 - Entered password
2020-11-29 19:16:11 INFO  log:31 - Test passed
2020-11-29 19:16:11 INFO  log:13 - Entered username
2020-11-29 19:16:11 INFO  log:15 - Entered password
2020-11-29 19:16:16 INFO  log:23 - Test failed
2020-11-29 19:16:16 INFO  log:13 - Entered username
2020-11-29 19:16:17 INFO  log:15 - Entered password
2020-11-29 19:16:22 INFO  log:31 - Test passed
2020-11-29 19:41:09 INFO  log:13 - Entered username
2020-11-29 19:41:09 INFO  log:15 - Entered password
2020-11-29 19:41:14 INFO  log:23 - Test failed
2020-11-29 19:41:14 INFO  log:13 - Entered username
2020-11-29 19:41:14 INFO  log:15 - Entered password
2020-11-29 19:41:19 INFO  log:23 - Test failed
2020-11-29 19:41:19 INFO  log:13 - Entered username
2020-11-29 19:41:19 INFO  log:15 - Entered password
2020-11-29 19:41:26 INFO  log:31 - Test passed
2020-11-29 19:41:26 INFO  log:13 - Entered username
2020-11-29 19:41:26 INFO  log:15 - Entered password
2020-11-29 19:41:30 INFO  log:23 - Test failed
2020-11-29 19:41:30 INFO  log:13 - Entered username
2020-11-29 19:41:31 INFO  log:15 - Entered password
2020-11-29 19:41:36 INFO  log:31 - Test passed
2020-11-29 19:51:26 INFO  log:13 - Entered username
2020-11-29 19:51:26 INFO  log:15 - Entered password
2020-11-29 19:51:31 INFO  log:23 - Test failed
2020-11-29 19:51:31 INFO  log:13 - Entered username
2020-11-29 19:51:31 INFO  log:15 - Entered password
2020-11-29 19:51:36 INFO  log:23 - Test failed
2020-11-29 19:51:36 INFO  log:13 - Entered username
2020-11-29 19:51:36 INFO  log:15 - Entered password
2020-11-29 19:51:42 INFO  log:31 - Test passed
2020-11-29 19:51:42 INFO  log:13 - Entered username
2020-11-29 19:51:42 INFO  log:15 - Entered password
2020-11-29 19:51:47 INFO  log:23 - Test failed
2020-11-29 19:51:47 INFO  log:13 - Entered username
2020-11-29 19:51:47 INFO  log:15 - Entered password
2020-11-29 19:51:52 INFO  log:31 - Test passed
2020-11-29 19:54:48 INFO  log:13 - Entered username
2020-11-29 19:54:48 INFO  log:15 - Entered password
2020-11-29 19:54:52 INFO  log:23 - Test failed
2020-11-29 19:54:52 INFO  log:13 - Entered username
2020-11-29 19:54:53 INFO  log:15 - Entered password
2020-11-29 19:54:57 INFO  log:23 - Test failed
2020-11-29 19:54:58 INFO  log:13 - Entered username
2020-11-29 19:54:58 INFO  log:15 - Entered password
2020-11-29 19:55:04 INFO  log:31 - Test passed
2020-11-29 19:55:04 INFO  log:13 - Entered username
2020-11-29 19:55:04 INFO  log:15 - Entered password
2020-11-29 19:57:07 INFO  log:13 - Entered username
2020-11-29 19:57:07 INFO  log:15 - Entered password
2020-11-29 19:57:12 INFO  log:23 - Test failed
2020-11-29 19:57:12 INFO  log:13 - Entered username
2020-11-29 19:57:12 INFO  log:15 - Entered password
2020-11-29 19:57:17 INFO  log:23 - Test failed
2020-11-29 19:57:17 INFO  log:13 - Entered username
2020-11-29 19:57:17 INFO  log:15 - Entered password
2020-11-29 19:57:22 INFO  log:31 - Test passed
2020-11-29 19:57:22 INFO  log:13 - Entered username
2020-11-29 19:57:23 INFO  log:15 - Entered password
2020-11-29 19:57:27 INFO  log:23 - Test failed
2020-11-29 19:57:28 INFO  log:13 - Entered username
2020-11-29 19:57:28 INFO  log:15 - Entered password
2020-11-29 19:57:34 INFO  log:31 - Test passed
2020-11-29 19:59:05 INFO  log:13 - Entered username
2020-11-29 19:59:05 INFO  log:15 - Entered password
2020-11-29 19:59:10 INFO  log:23 - Test failed
2020-11-29 19:59:10 INFO  log:13 - Entered username
2020-11-29 19:59:10 INFO  log:15 - Entered password
2020-11-29 19:59:15 INFO  log:23 - Test failed
2020-11-29 19:59:15 INFO  log:13 - Entered username
2020-11-29 19:59:15 INFO  log:15 - Entered password
2020-11-29 19:59:21 INFO  log:31 - Test passed
2020-11-29 19:59:22 INFO  log:13 - Entered username
2020-11-29 19:59:22 INFO  log:15 - Entered password
2020-11-29 19:59:26 INFO  log:23 - Test failed
2020-11-29 19:59:26 INFO  log:13 - Entered username
2020-11-29 19:59:26 INFO  log:15 - Entered password
2020-11-29 19:59:32 INFO  log:31 - Test passed
2020-11-29 20:16:37 INFO  log:16 - Entered username
2020-11-29 20:16:37 INFO  log:18 - Entered password
2020-11-29 20:16:41 INFO  log:28 - Test passed
2020-11-29 20:16:58 INFO  log:13 - Entered username
2020-11-29 20:16:58 INFO  log:15 - Entered password
2020-11-29 20:17:03 INFO  log:23 - Test failed
2020-11-29 20:17:03 INFO  log:13 - Entered username
2020-11-29 20:17:04 INFO  log:15 - Entered password
2020-11-29 20:17:08 INFO  log:23 - Test failed
2020-11-29 20:17:08 INFO  log:13 - Entered username
2020-11-29 20:17:08 INFO  log:15 - Entered password
2020-11-29 20:17:14 INFO  log:31 - Test passed
2020-11-29 20:17:14 INFO  log:13 - Entered username
2020-11-29 20:17:14 INFO  log:15 - Entered password
2020-11-29 20:17:19 INFO  log:23 - Test failed
2020-11-29 20:17:19 INFO  log:13 - Entered username
2020-11-29 20:17:19 INFO  log:15 - Entered password
2020-11-29 20:17:25 INFO  log:31 - Test passed
2020-11-29 20:24:35 INFO  log:16 - Entered username
2020-11-29 20:24:36 INFO  log:18 - Entered password
2020-11-29 20:24:39 INFO  log:28 - Test passed
2020-11-29 20:24:50 INFO  log:13 - Entered username
2020-11-29 20:24:50 INFO  log:15 - Entered password
2020-11-29 20:24:54 INFO  log:23 - Test failed
2020-11-29 20:24:54 INFO  log:13 - Entered username
2020-11-29 20:24:54 INFO  log:15 - Entered password
2020-11-29 20:24:59 INFO  log:23 - Test failed
2020-11-29 20:24:59 INFO  log:13 - Entered username
2020-11-29 20:24:59 INFO  log:15 - Entered password
2020-11-29 20:25:05 INFO  log:31 - Test passed
2020-11-29 20:25:06 INFO  log:13 - Entered username
2020-11-29 20:25:06 INFO  log:15 - Entered password
2020-11-29 20:25:10 INFO  log:23 - Test failed
2020-11-29 20:25:10 INFO  log:13 - Entered username
2020-11-29 20:25:11 INFO  log:15 - Entered password
2020-11-29 20:25:16 INFO  log:31 - Test passed
2020-11-29 20:27:21 INFO  log:16 - Entered username
2020-11-29 20:27:21 INFO  log:18 - Entered password
2020-11-29 20:27:25 INFO  log:28 - Test passed
2020-11-29 20:27:38 INFO  log:13 - Entered username
2020-11-29 20:27:38 INFO  log:15 - Entered password
2020-11-29 20:27:43 INFO  log:23 - Test failed
2020-11-29 20:27:43 INFO  log:13 - Entered username
2020-11-29 20:27:43 INFO  log:15 - Entered password
2020-11-29 20:27:47 INFO  log:23 - Test failed
2020-11-29 20:27:47 INFO  log:13 - Entered username
2020-11-29 20:27:48 INFO  log:15 - Entered password
2020-11-29 20:27:53 INFO  log:31 - Test passed
2020-11-29 20:27:53 INFO  log:13 - Entered username
2020-11-29 20:27:53 INFO  log:15 - Entered password
2020-11-29 20:27:57 INFO  log:23 - Test failed
2020-11-29 20:27:57 INFO  log:13 - Entered username
2020-11-29 20:27:57 INFO  log:15 - Entered password
2020-11-29 20:28:02 INFO  log:31 - Test passed
2020-11-29 20:30:03 INFO  log:16 - Entered username
2020-11-29 20:30:03 INFO  log:18 - Entered password
2020-11-29 20:30:07 INFO  log:28 - Test passed
2020-11-29 20:30:19 INFO  log:13 - Entered username
2020-11-29 20:30:19 INFO  log:15 - Entered password
2020-11-29 20:30:23 INFO  log:23 - Test failed
2020-11-29 20:30:23 INFO  log:13 - Entered username
2020-11-29 20:30:24 INFO  log:15 - Entered password
2020-11-29 20:30:28 INFO  log:23 - Test failed
2020-11-29 20:30:29 INFO  log:13 - Entered username
2020-11-29 20:30:29 INFO  log:15 - Entered password
2020-11-29 20:30:35 INFO  log:31 - Test passed
2020-11-29 20:30:35 INFO  log:13 - Entered username
2020-11-29 20:30:35 INFO  log:15 - Entered password
2020-11-29 20:30:39 INFO  log:23 - Test failed
2020-11-29 20:30:40 INFO  log:13 - Entered username
2020-11-29 20:30:40 INFO  log:15 - Entered password
2020-11-29 20:30:46 INFO  log:31 - Test passed
2020-12-09 23:11:57 INFO  log:17 - Entered username
2020-12-09 23:11:57 INFO  log:19 - Entered password
2020-12-09 23:13:21 INFO  log:17 - Entered username
2020-12-09 23:13:21 INFO  log:19 - Entered password
2020-12-09 23:13:33 INFO  log:53 - Test Failed
2020-12-09 23:15:33 INFO  log:17 - Entered username
2020-12-09 23:15:34 INFO  log:19 - Entered password
2020-12-09 23:15:42 INFO  log:43 - Test Failed
2020-12-09 23:16:31 INFO  log:17 - Entered username
2020-12-09 23:16:32 INFO  log:19 - Entered password
2020-12-09 23:17:08 INFO  log:17 - Entered username
2020-12-09 23:17:09 INFO  log:19 - Entered password
2020-12-09 23:17:20 INFO  log:48 - Test Passed
2020-12-09 23:18:34 INFO  log:17 - Entered username
2020-12-09 23:18:34 INFO  log:19 - Entered password
2020-12-09 23:18:44 INFO  log:48 - Test Passed
2020-12-09 23:51:33 INFO  log:17 - Entered username
2020-12-09 23:51:34 INFO  log:19 - Entered password
2020-12-09 23:51:44 INFO  log:43 - Test Failed
2020-12-09 23:53:26 INFO  log:17 - Entered username
2020-12-09 23:53:27 INFO  log:19 - Entered password
2020-12-09 23:53:38 INFO  log:48 - Test Passed
2020-12-09 23:55:33 INFO  log:17 - Entered username
2020-12-09 23:55:34 INFO  log:19 - Entered password
2020-12-09 23:55:45 INFO  log:48 - Test Passed
2020-12-09 23:58:35 INFO  log:17 - Entered username
2020-12-09 23:58:36 INFO  log:19 - Entered password
2020-12-09 23:58:47 INFO  log:53 - Test Failed
2020-12-10 00:02:17 INFO  log:17 - Entered username
2020-12-10 00:02:18 INFO  log:19 - Entered password
2020-12-10 00:02:29 INFO  log:53 - Test Failed
2020-12-10 00:04:31 INFO  log:17 - Entered username
2020-12-10 00:04:32 INFO  log:19 - Entered password
2020-12-10 00:04:44 INFO  log:53 - Test Failed
2020-12-10 00:05:35 INFO  log:17 - Entered username
2020-12-10 00:05:36 INFO  log:19 - Entered password
2020-12-10 00:05:47 INFO  log:53 - Test Failed
2020-12-10 00:07:11 INFO  log:17 - Entered username
2020-12-10 00:07:12 INFO  log:19 - Entered password
2020-12-10 00:07:50 INFO  log:53 - Test Failed
2020-12-10 00:09:00 INFO  log:17 - Entered username
2020-12-10 00:09:01 INFO  log:19 - Entered password
2020-12-10 00:09:11 INFO  log:48 - Test Passed
2020-12-10 00:46:52 INFO  log:17 - Entered username
2020-12-10 00:46:53 INFO  log:19 - Entered password
2020-12-10 00:47:04 INFO  log:48 - Test Passed
2020-12-10 00:52:13 INFO  log:17 - Entered username
2020-12-10 00:52:13 INFO  log:19 - Entered password
2020-12-10 00:52:23 INFO  log:48 - Test Passed
2020-12-10 00:53:01 INFO  log:17 - Entered username
2020-12-10 00:53:02 INFO  log:19 - Entered password
2020-12-10 00:53:12 INFO  log:48 - Test Passed
2020-12-10 00:59:00 INFO  log:17 - Entered username
2020-12-10 00:59:02 INFO  log:19 - Entered password
2020-12-10 00:59:13 INFO  log:48 - Test Passed
2020-12-20 22:42:54 INFO  log:16 - Entered username
2020-12-20 22:42:55 INFO  log:18 - Entered password
2020-12-20 22:43:00 INFO  log:25 - The page is openned
2020-12-20 22:43:00 INFO  log:27 - The customer ID is entered
2020-12-20 22:43:04 INFO  log:39 - Entered address
2020-12-20 22:43:05 INFO  log:41 - Entered city
2020-12-20 22:43:05 INFO  log:43 - Entered state
2020-12-20 22:43:05 INFO  log:45 - Entered pin
2020-12-20 22:43:09 INFO  log:57 - Test passed
2020-12-20 22:43:45 INFO  log:16 - Entered username
2020-12-20 22:43:45 INFO  log:18 - Entered password
2020-12-20 22:43:50 INFO  log:25 - The page is openned
2020-12-20 22:43:50 INFO  log:27 - The customer ID is entered
2020-12-20 22:43:54 INFO  log:34 - Test failed
2020-12-20 22:44:41 INFO  log:16 - Entered username
2020-12-20 22:44:42 INFO  log:18 - Entered password
2020-12-20 22:44:47 INFO  log:25 - The page is openned
2020-12-20 22:44:47 INFO  log:27 - The customer ID is entered
2020-12-20 22:44:51 INFO  log:39 - Entered address
2020-12-20 22:44:52 INFO  log:41 - Entered city
2020-12-20 22:44:52 INFO  log:43 - Entered state
2020-12-20 22:44:52 INFO  log:45 - Entered pin
2020-12-20 22:44:56 INFO  log:52 - Test failed
2020-12-20 23:31:32 INFO  log:16 - Entered username
2020-12-20 23:31:33 INFO  log:18 - Entered password
2020-12-20 23:31:38 INFO  log:25 - The page is openned
2020-12-20 23:31:38 INFO  log:27 - The customer ID is entered
2020-12-20 23:31:42 INFO  log:39 - Entered address
2020-12-20 23:31:42 INFO  log:41 - Entered city
2020-12-20 23:31:42 INFO  log:43 - Entered state
2020-12-20 23:31:43 INFO  log:45 - Entered pin
2020-12-20 23:31:47 INFO  log:57 - Test passed
2020-12-20 23:35:00 INFO  log:16 - Entered username
2020-12-20 23:35:00 INFO  log:18 - Entered password
2020-12-20 23:35:05 INFO  log:25 - The page is openned
2020-12-20 23:35:05 INFO  log:27 - The customer ID is entered
2020-12-20 23:35:10 INFO  log:39 - Entered address
2020-12-20 23:35:10 INFO  log:41 - Entered city
2020-12-20 23:35:10 INFO  log:43 - Entered state
2020-12-20 23:35:10 INFO  log:45 - Entered pin
2020-12-20 23:35:14 INFO  log:57 - Test passed
2020-12-20 23:44:51 INFO  log:16 - Entered username
2020-12-20 23:44:51 INFO  log:18 - Entered password
2020-12-20 23:44:56 INFO  log:25 - The page is openned
2020-12-20 23:44:56 INFO  log:27 - The customer ID is entered
2020-12-20 23:45:00 INFO  log:39 - Entered address
2020-12-20 23:45:01 INFO  log:41 - Entered city
2020-12-20 23:45:01 INFO  log:43 - Entered state
2020-12-20 23:45:01 INFO  log:45 - Entered pin
2020-12-20 23:45:04 INFO  log:52 - Test failed
2020-12-21 00:08:38 INFO  log:16 - Entered username
2020-12-21 00:08:38 INFO  log:18 - Entered password
2020-12-21 00:08:43 INFO  log:25 - The page is openned
2020-12-21 00:08:43 INFO  log:27 - The customer ID is entered
2020-12-21 00:08:48 INFO  log:39 - Entered address
2020-12-21 00:08:48 INFO  log:41 - Entered city
2020-12-21 00:08:48 INFO  log:43 - Entered state
2020-12-21 00:08:48 INFO  log:45 - Entered pin
2020-12-21 00:08:52 INFO  log:57 - Test passed
2020-12-21 00:11:57 INFO  log:16 - Entered username
2020-12-21 00:11:58 INFO  log:18 - Entered password
2020-12-21 00:12:04 INFO  log:25 - The page is openned
2020-12-21 00:12:05 INFO  log:27 - The customer ID is entered
2020-12-21 00:12:10 INFO  log:39 - Entered address
2020-12-21 00:12:10 INFO  log:41 - Entered city
2020-12-21 00:12:10 INFO  log:43 - Entered state
2020-12-21 00:12:11 INFO  log:45 - Entered pin
2020-12-21 00:12:15 INFO  log:52 - Test failed
2020-12-21 00:13:16 INFO  log:16 - Entered username
2020-12-21 00:13:17 INFO  log:18 - Entered password
2020-12-21 00:13:22 INFO  log:25 - The page is openned
2020-12-21 00:13:22 INFO  log:27 - The customer ID is entered
2020-12-21 00:13:27 INFO  log:39 - Entered address
2020-12-21 00:13:27 INFO  log:41 - Entered city
2020-12-21 00:13:27 INFO  log:43 - Entered state
2020-12-21 00:13:27 INFO  log:45 - Entered pin
2020-12-21 00:13:32 INFO  log:57 - Test passed
2020-12-21 00:14:45 INFO  log:16 - Entered username
2020-12-21 00:14:46 INFO  log:18 - Entered password
2020-12-21 00:14:51 INFO  log:25 - The page is openned
2020-12-21 00:14:52 INFO  log:27 - The customer ID is entered
2020-12-21 00:14:56 INFO  log:39 - Entered address
2020-12-21 00:14:56 INFO  log:41 - Entered city
2020-12-21 00:14:56 INFO  log:43 - Entered state
2020-12-21 00:14:57 INFO  log:45 - Entered pin
2020-12-21 00:15:01 INFO  log:57 - Test passed
2021-01-10 21:14:00 INFO  log:14 - Entered username
2021-01-10 21:14:00 INFO  log:16 - Entered password
2021-01-10 21:14:05 INFO  log:23 - The Delete Customer Page is open
2021-01-10 21:14:05 INFO  log:25 - The customer ID is intered
2021-01-10 21:22:21 INFO  log:18 - Entered username
2021-01-10 21:22:22 INFO  log:20 - Entered password
2021-01-10 21:22:26 INFO  log:27 - The Delete Customer Page is open
2021-01-10 21:22:26 INFO  log:29 - The customer ID is intered
2021-01-10 21:25:46 INFO  log:18 - Entered username
2021-01-10 21:25:46 INFO  log:20 - Entered password
2021-01-10 21:25:50 INFO  log:27 - The Delete Customer Page is open
2021-01-10 21:25:50 INFO  log:29 - The customer ID is intered
2021-01-10 21:27:42 INFO  log:18 - Entered username
2021-01-10 21:27:42 INFO  log:20 - Entered password
2021-01-10 21:27:46 INFO  log:27 - The Delete Customer Page is open
2021-01-10 21:27:47 INFO  log:29 - The customer ID is intered
2021-01-10 21:27:50 INFO  log:55 - Test failed : Customer does not exist!!
2021-01-10 21:28:37 INFO  log:18 - Entered username
2021-01-10 21:28:37 INFO  log:20 - Entered password
2021-01-10 21:28:41 INFO  log:27 - The Delete Customer Page is open
2021-01-10 21:28:41 INFO  log:29 - The customer ID is intered
2021-01-10 21:31:06 INFO  log:18 - Entered username
2021-01-10 21:31:06 INFO  log:20 - Entered password
2021-01-10 21:31:11 INFO  log:27 - The Delete Customer Page is open
2021-01-10 21:31:11 INFO  log:29 - The customer ID is intered
2021-01-10 21:34:06 INFO  log:18 - Entered username
2021-01-10 21:34:07 INFO  log:20 - Entered password
2021-01-10 21:34:11 INFO  log:27 - The Delete Customer Page is open
2021-01-10 21:34:11 INFO  log:29 - The customer ID is intered
2021-01-10 21:41:47 INFO  log:18 - Entered username
2021-01-10 21:41:47 INFO  log:20 - Entered password
2021-01-10 21:41:52 INFO  log:27 - The Delete Customer Page is open
2021-01-10 21:41:52 INFO  log:29 - The customer ID is entered
2021-01-10 21:43:23 INFO  log:18 - Entered username
2021-01-10 21:43:23 INFO  log:20 - Entered password
2021-01-10 21:43:27 INFO  log:27 - The Delete Customer Page is open
2021-01-10 21:43:28 INFO  log:29 - The customer ID is entered
2021-01-10 21:50:13 INFO  log:18 - Entered username
2021-01-10 21:50:13 INFO  log:20 - Entered password
2021-01-10 21:50:18 INFO  log:27 - The Delete Customer Page is open
2021-01-10 21:50:18 INFO  log:29 - The customer ID is entered
2021-01-10 21:53:47 INFO  log:18 - Entered username
2021-01-10 21:53:48 INFO  log:20 - Entered password
2021-01-10 21:53:52 INFO  log:27 - The Delete Customer Page is open
2021-01-10 21:53:52 INFO  log:29 - The customer ID is entered
2021-01-10 21:58:57 INFO  log:18 - Entered username
2021-01-10 21:58:57 INFO  log:20 - Entered password
2021-01-10 21:59:01 INFO  log:27 - The Delete Customer Page is open
2021-01-10 21:59:01 INFO  log:29 - The customer ID is entered
2021-01-10 21:59:42 INFO  log:18 - Entered username
2021-01-10 21:59:42 INFO  log:20 - Entered password
2021-01-10 21:59:47 INFO  log:27 - The Delete Customer Page is open
2021-01-10 21:59:47 INFO  log:29 - The customer ID is entered
2021-01-10 22:03:55 INFO  log:18 - Entered username
2021-01-10 22:03:56 INFO  log:20 - Entered password
2021-01-10 22:04:00 INFO  log:27 - The Delete Customer Page is open
2021-01-10 22:04:00 INFO  log:29 - The customer ID is entered
2021-01-10 22:04:01 INFO  log:38 - Test failed : Please fill all fields
2021-01-10 22:05:34 INFO  log:18 - Entered username
2021-01-10 22:05:34 INFO  log:20 - Entered password
2021-01-10 22:05:38 INFO  log:27 - The Delete Customer Page is open
2021-01-10 22:05:38 INFO  log:29 - The customer ID is entered
2021-01-10 22:06:19 INFO  log:18 - Entered username
2021-01-10 22:06:19 INFO  log:20 - Entered password
2021-01-10 22:06:24 INFO  log:27 - The Delete Customer Page is open
2021-01-10 22:06:24 INFO  log:29 - The customer ID is entered
2021-01-10 22:06:25 INFO  log:55 - Test failed : Customer does not exist!!
2021-01-10 22:06:56 INFO  log:18 - Entered username
2021-01-10 22:06:56 INFO  log:20 - Entered password
2021-01-10 22:07:00 INFO  log:27 - The Delete Customer Page is open
2021-01-10 22:07:40 INFO  log:18 - Entered username
2021-01-10 22:07:40 INFO  log:20 - Entered password
2021-01-10 22:07:44 INFO  log:27 - The Delete Customer Page is open
2021-01-10 22:07:44 INFO  log:29 - The customer ID is entered
2021-01-10 22:07:45 INFO  log:55 - Test failed : Customer does not exist!!
2021-01-10 22:08:12 INFO  log:18 - Entered username
2021-01-10 22:08:12 INFO  log:20 - Entered password
2021-01-10 22:08:17 INFO  log:27 - The Delete Customer Page is open
2021-01-10 22:08:17 INFO  log:29 - The customer ID is entered
2021-01-10 22:11:44 INFO  log:19 - Entered username
2021-01-10 22:11:45 INFO  log:21 - Entered password
2021-01-10 22:11:49 INFO  log:28 - The Delete Customer Page is open
2021-01-10 22:11:49 INFO  log:30 - The customer ID is entered
2021-01-10 22:11:50 INFO  log:60 - Test failed : Customer does not exist!!
2021-01-10 22:12:47 INFO  log:19 - Entered username
2021-01-10 22:12:47 INFO  log:21 - Entered password
2021-01-10 22:12:52 INFO  log:28 - The Delete Customer Page is open
2021-01-10 22:12:52 INFO  log:30 - The customer ID is entered
2021-01-10 22:12:52 INFO  log:60 - Test failed : Customer does not exist!!
2021-01-10 22:21:55 INFO  log:19 - Entered username
2021-01-10 22:21:55 INFO  log:21 - Entered password
2021-01-10 22:22:00 INFO  log:28 - The Delete Customer Page is open
2021-01-10 22:22:00 INFO  log:30 - The customer ID is entered
2021-01-10 22:22:55 INFO  log:19 - Entered username
2021-01-10 22:22:55 INFO  log:21 - Entered password
2021-01-10 22:23:00 INFO  log:28 - The Delete Customer Page is open
2021-01-10 22:23:00 INFO  log:30 - The customer ID is entered
2021-01-10 22:23:00 INFO  log:55 - Test failed : Customer does not exist!!
2021-01-10 22:23:18 INFO  log:19 - Entered username
2021-01-10 22:23:18 INFO  log:21 - Entered password
2021-01-10 22:23:22 INFO  log:28 - The Delete Customer Page is open
2021-01-10 22:23:22 INFO  log:30 - The customer ID is entered
2021-01-10 22:24:12 INFO  log:19 - Entered username
2021-01-10 22:24:13 INFO  log:21 - Entered password
2021-01-10 22:24:17 INFO  log:28 - The Delete Customer Page is open
2021-01-10 22:24:17 INFO  log:30 - The customer ID is entered
2021-01-10 22:24:41 INFO  log:55 - Test failed : Customer does not exist!!
2021-01-10 22:25:09 INFO  log:19 - Entered username
2021-01-10 22:25:09 INFO  log:21 - Entered password
2021-01-10 22:25:14 INFO  log:28 - The Delete Customer Page is open
2021-01-10 22:25:14 INFO  log:30 - The customer ID is entered
2021-01-10 22:31:54 INFO  log:20 - Entered username
2021-01-10 22:31:54 INFO  log:22 - Entered password
2021-01-10 22:31:58 INFO  log:29 - The Delete Customer Page is open
2021-01-10 22:31:58 INFO  log:31 - The customer ID is entered
2021-01-10 22:34:54 INFO  log:20 - Entered username
2021-01-10 22:34:55 INFO  log:22 - Entered password
2021-01-10 22:34:59 INFO  log:29 - The Delete Customer Page is open
2021-01-10 22:34:59 INFO  log:31 - The customer ID is entered
2021-01-10 22:35:03 INFO  log:56 - Test failed : Customer does not exist!!
2021-01-10 22:35:46 INFO  log:20 - Entered username
2021-01-10 22:35:46 INFO  log:22 - Entered password
2021-01-10 22:35:50 INFO  log:29 - The Delete Customer Page is open
2021-01-10 22:35:50 INFO  log:31 - The customer ID is entered
2021-01-10 22:35:51 INFO  log:55 - Test failed : Customer does not exist!!
2021-01-10 22:40:38 INFO  log:20 - Entered username
2021-01-10 22:40:38 INFO  log:22 - Entered password
2021-01-10 22:40:42 INFO  log:29 - The Delete Customer Page is open
2021-01-10 22:40:42 INFO  log:31 - The customer ID is entered
2021-01-10 22:40:46 INFO  log:56 - Test failed : Customer does not exist!!
2021-01-10 22:44:13 INFO  log:20 - Entered username
2021-01-10 22:44:13 INFO  log:22 - Entered password
2021-01-10 22:44:18 INFO  log:29 - The Delete Customer Page is open
2021-01-10 22:44:18 INFO  log:31 - The customer ID is entered
2021-01-10 22:44:22 INFO  log:50 - Test passed : Customer deleted Successfully
2021-01-10 22:46:42 INFO  log:20 - Entered username
2021-01-10 22:46:43 INFO  log:22 - Entered password
2021-01-10 22:46:47 INFO  log:29 - The Delete Customer Page is open
2021-01-10 22:46:48 INFO  log:31 - The customer ID is entered
2021-01-10 22:46:51 INFO  log:56 - Test failed : Customer does not exist!!
2021-01-10 22:53:44 INFO  log:20 - Entered username
2021-01-10 22:53:44 INFO  log:22 - Entered password
2021-01-10 22:53:48 INFO  log:29 - The Delete Customer Page is open
2021-01-10 22:53:48 INFO  log:31 - The customer ID is entered
2021-01-10 22:53:52 INFO  log:50 - Test passed : Customer deleted Successfully
2021-01-10 23:06:29 INFO  log:20 - Entered username
2021-01-10 23:06:29 INFO  log:22 - Entered password
2021-01-10 23:13:51 INFO  log:20 - Entered username
2021-01-10 23:13:52 INFO  log:22 - Entered password
2021-01-10 23:13:56 INFO  log:29 - The Delete Customer Page is open
2021-01-10 23:13:57 INFO  log:31 - The customer ID is entered
2021-01-10 23:14:00 INFO  log:56 - Test failed : Customer does not exist!!
2021-01-10 23:28:50 INFO  log:20 - Entered username
2021-01-10 23:28:50 INFO  log:22 - Entered password
2021-01-10 23:28:55 INFO  log:29 - The Delete Customer Page is open
2021-01-10 23:28:55 INFO  log:31 - The customer ID is entered
2021-01-10 23:28:59 INFO  log:56 - Test failed : Customer does not exist!!
2021-01-10 23:34:55 INFO  log:20 - Entered username
2021-01-10 23:34:55 INFO  log:22 - Entered password
2021-01-10 23:34:59 INFO  log:29 - The Delete Customer Page is open
2021-01-10 23:34:59 INFO  log:31 - The customer ID is entered
2021-01-10 23:35:03 INFO  log:50 - Test passed : Customer deleted Successfully
2021-01-10 23:42:12 INFO  log:20 - Entered username
2021-01-10 23:42:13 INFO  log:22 - Entered password
2021-01-10 23:42:17 INFO  log:29 - The Delete Customer Page is open
2021-01-10 23:42:17 INFO  log:31 - The customer ID is entered
2021-01-10 23:42:22 INFO  log:56 - Test failed : Customer does not exist!!
2021-01-10 23:43:54 INFO  log:20 - Entered username
2021-01-10 23:43:54 INFO  log:22 - Entered password
2021-01-10 23:44:00 INFO  log:29 - The Delete Customer Page is open
2021-01-10 23:44:00 INFO  log:31 - The customer ID is entered
2021-01-10 23:44:04 INFO  log:50 - Test passed : Customer deleted Successfully
